Arguments: 
  /usr/local/bin/node /usr/local/bin/yarn add @types/node -S-D

PATH: 
  /usr/local/bin:/usr/bin:/bin:/usr/sbin:/sbin:/Library/Apple/usr/bin:/Applications/Wireshark.app/Contents/MacOS

Yarn version: 
  1.9.4

Node version: 
  14.16.0

Platform: 
  darwin x64

Trace: 
  Error: https://registry.npmjs.org/-D: Not found
      at Request.params.callback [as _callback] (/usr/local/lib/node_modules/yarn/lib/cli.js:64202:18)
      at Request.self.callback (/usr/local/lib/node_modules/yarn/lib/cli.js:137468:22)
      at Request.emit (events.js:315:20)
      at Request.<anonymous> (/usr/local/lib/node_modules/yarn/lib/cli.js:138440:10)
      at Request.emit (events.js:315:20)
      at IncomingMessage.<anonymous> (/usr/local/lib/node_modules/yarn/lib/cli.js:138362:12)
      at Object.onceWrapper (events.js:421:28)
      at IncomingMessage.emit (events.js:327:22)
      at endReadableNT (internal/streams/readable.js:1327:12)
      at processTicksAndRejections (internal/process/task_queues.js:80:21)

npm manifest: 
  {
    "name": "algorithm-ts",
    "version": "0.0.1",
    "description": "algorithm by ts",
    "main": "index.js",
    "repository": "git@github.com:JimmieMax/algorithm-ts.git",
    "author": "Jimmie <cross-express@live.com>",
    "license": "MIT",
    "dependencies": {
      "chai": "^4.3.4",
      "esbuild": "^0.13.2"
    }
  }

yarn manifest: 
  No manifest

Lockfile: 
  # THIS IS AN AUTOGENERATED FILE. DO NOT EDIT THIS FILE DIRECTLY.
  # yarn lockfile v1
  
  
  assertion-error@^1.1.0:
    version "1.1.0"
    resolved "https://registry.npmjs.org/assertion-error/-/assertion-error-1.1.0.tgz#e60b6b0e8f301bd97e5375215bda406c85118c0b"
  
  chai@^4.3.4:
    version "4.3.4"
    resolved "https://registry.npmjs.org/chai/-/chai-4.3.4.tgz#b55e655b31e1eac7099be4c08c21964fce2e6c49"
    dependencies:
      assertion-error "^1.1.0"
      check-error "^1.0.2"
      deep-eql "^3.0.1"
      get-func-name "^2.0.0"
      pathval "^1.1.1"
      type-detect "^4.0.5"
  
  check-error@^1.0.2:
    version "1.0.2"
    resolved "https://registry.npmjs.org/check-error/-/check-error-1.0.2.tgz#574d312edd88bb5dd8912e9286dd6c0aed4aac82"
  
  deep-eql@^3.0.1:
    version "3.0.1"
    resolved "https://registry.npmjs.org/deep-eql/-/deep-eql-3.0.1.tgz#dfc9404400ad1c8fe023e7da1df1c147c4b444df"
    dependencies:
      type-detect "^4.0.0"
  
  esbuild-android-arm64@0.13.2:
    version "0.13.2"
    resolved "https://registry.npmjs.org/esbuild-android-arm64/-/esbuild-android-arm64-0.13.2.tgz#7f00f620d1fc3fb2d6b5b8a6a80b1bdd15d4e6c6"
  
  esbuild-darwin-64@0.13.2:
    version "0.13.2"
    resolved "https://registry.npmjs.org/esbuild-darwin-64/-/esbuild-darwin-64-0.13.2.tgz#e844c7ea708ca791d172300009db27ae4229390d"
  
  esbuild-darwin-arm64@0.13.2:
    version "0.13.2"
    resolved "https://registry.npmjs.org/esbuild-darwin-arm64/-/esbuild-darwin-arm64-0.13.2.tgz#2bc42bc24a3a9779fe5569d5f2ab4c39bd3483b7"
  
  esbuild-freebsd-64@0.13.2:
    version "0.13.2"
    resolved "https://registry.npmjs.org/esbuild-freebsd-64/-/esbuild-freebsd-64-0.13.2.tgz#f2f20c45cd3998bbb8dff1f249cb38aa459c73ad"
  
  esbuild-freebsd-arm64@0.13.2:
    version "0.13.2"
    resolved "https://registry.npmjs.org/esbuild-freebsd-arm64/-/esbuild-freebsd-arm64-0.13.2.tgz#ae364988459110f51e9f37773dfb7cc10931c971"
  
  esbuild-linux-32@0.13.2:
    version "0.13.2"
    resolved "https://registry.npmjs.org/esbuild-linux-32/-/esbuild-linux-32-0.13.2.tgz#e95aa1f16037ca7e7313fd1a0dca296719b39b1b"
  
  esbuild-linux-64@0.13.2:
    version "0.13.2"
    resolved "https://registry.npmjs.org/esbuild-linux-64/-/esbuild-linux-64-0.13.2.tgz#4b4b314daff70f94411487801641687f771a7528"
  
  esbuild-linux-arm64@0.13.2:
    version "0.13.2"
    resolved "https://registry.npmjs.org/esbuild-linux-arm64/-/esbuild-linux-arm64-0.13.2.tgz#170ba8807c1a5e44e98cbe66d333a355ed26933a"
  
  esbuild-linux-arm@0.13.2:
    version "0.13.2"
    resolved "https://registry.npmjs.org/esbuild-linux-arm/-/esbuild-linux-arm-0.13.2.tgz#50731067c280dc77a60526e99a23260a38b41868"
  
  esbuild-linux-mips64le@0.13.2:
    version "0.13.2"
    resolved "https://registry.npmjs.org/esbuild-linux-mips64le/-/esbuild-linux-mips64le-0.13.2.tgz#030945ccde601f2ce1b70f3aa22240128047be05"
  
  esbuild-linux-ppc64le@0.13.2:
    version "0.13.2"
    resolved "https://registry.npmjs.org/esbuild-linux-ppc64le/-/esbuild-linux-ppc64le-0.13.2.tgz#1a028df8caa5e0423d93217b9b4515d879007d07"
  
  esbuild-openbsd-64@0.13.2:
    version "0.13.2"
    resolved "https://registry.npmjs.org/esbuild-openbsd-64/-/esbuild-openbsd-64-0.13.2.tgz#13bbcfc37806b68116e5669e03782e501c5c0720"
  
  esbuild-sunos-64@0.13.2:
    version "0.13.2"
    resolved "https://registry.npmjs.org/esbuild-sunos-64/-/esbuild-sunos-64-0.13.2.tgz#e23cfc6222527940ca6da0a592be0de05ab6e1ad"
  
  esbuild-windows-32@0.13.2:
    version "0.13.2"
    resolved "https://registry.npmjs.org/esbuild-windows-32/-/esbuild-windows-32-0.13.2.tgz#d45f1480c6ee933065a8e9cb9849ef0d70aeb7e7"
  
  esbuild-windows-64@0.13.2:
    version "0.13.2"
    resolved "https://registry.npmjs.org/esbuild-windows-64/-/esbuild-windows-64-0.13.2.tgz#c2e78f863e3f071f3e114afd9cd84222926cf2b3"
  
  esbuild-windows-arm64@0.13.2:
    version "0.13.2"
    resolved "https://registry.npmjs.org/esbuild-windows-arm64/-/esbuild-windows-arm64-0.13.2.tgz#15dc550c07c0ec078ca704e1d31cf84e6d4ad8ed"
  
  esbuild@^0.13.2:
    version "0.13.2"
    resolved "https://registry.npmjs.org/esbuild/-/esbuild-0.13.2.tgz#f7d9ee4d102601097b0b424f3322cd25351870c5"
    optionalDependencies:
      esbuild-android-arm64 "0.13.2"
      esbuild-darwin-64 "0.13.2"
      esbuild-darwin-arm64 "0.13.2"
      esbuild-freebsd-64 "0.13.2"
      esbuild-freebsd-arm64 "0.13.2"
      esbuild-linux-32 "0.13.2"
      esbuild-linux-64 "0.13.2"
      esbuild-linux-arm "0.13.2"
      esbuild-linux-arm64 "0.13.2"
      esbuild-linux-mips64le "0.13.2"
      esbuild-linux-ppc64le "0.13.2"
      esbuild-openbsd-64 "0.13.2"
      esbuild-sunos-64 "0.13.2"
      esbuild-windows-32 "0.13.2"
      esbuild-windows-64 "0.13.2"
      esbuild-windows-arm64 "0.13.2"
  
  get-func-name@^2.0.0:
    version "2.0.0"
    resolved "https://registry.npmjs.org/get-func-name/-/get-func-name-2.0.0.tgz#ead774abee72e20409433a066366023dd6887a41"
  
  pathval@^1.1.1:
    version "1.1.1"
    resolved "https://registry.npmjs.org/pathval/-/pathval-1.1.1.tgz#8534e77a77ce7ac5a2512ea21e0fdb8fcf6c3d8d"
  
  type-detect@^4.0.0, type-detect@^4.0.5:
    version "4.0.8"
    resolved "https://registry.npmjs.org/type-detect/-/type-detect-4.0.8.tgz#7646fb5f18871cfbb7749e69bd39a6388eb7450c"
